<?xml version="1.0" encoding="UTF-8"?>
<!-- Generated by org.testng.reporters.JUnitReportReporter -->
<testsuite hostname="Admin-PC" name="com.crm.qa.TestCases.LoginPageTest" tests="3" failures="0" timestamp="22 Mar 2020 11:19:22 GMT" time="59.797" errors="0">
  <testcase name="loginTest" time="26.435" classname="com.crm.qa.TestCases.LoginPageTest"/>
  <testcase name="loginPageTitleTest" time="20.103" classname="com.crm.qa.TestCases.LoginPageTest"/>
  <testcase name="crmLogoImageTest" time="13.259" classname="com.crm.qa.TestCases.LoginPageTest"/>
</testsuite> <!-- com.crm.qa.TestCases.LoginPageTest -->
