<?xml version="1.0" encoding="UTF-8"?>
<!-- Generated by org.testng.reporters.JUnitReportReporter -->
<testsuite hostname="Admin-PC" name="com.crm.qa.TestCases.HomePageTest" tests="4" failures="0" timestamp="22 Mar 2020 11:19:22 GMT" time="92.715" errors="0">
  <testcase name="verifyContactsLinkTest" time="20.225" classname="com.crm.qa.TestCases.HomePageTest"/>
  <testcase name="verifyUserNameTest" time="24.010" classname="com.crm.qa.TestCases.HomePageTest"/>
  <testcase name="verifyDealsPageLinkTest" time="22.491" classname="com.crm.qa.TestCases.HomePageTest"/>
  <testcase name="verifyHomePageTitleTest" time="25.989" classname="com.crm.qa.TestCases.HomePageTest"/>
</testsuite> <!-- com.crm.qa.TestCases.HomePageTest -->
