<?xml version="1.0" encoding="UTF-8"?>
<!-- Generated by org.testng.reporters.JUnitReportReporter -->
<testsuite hostname="Admin-PC" name="com.crm.qa.TestCases.ContactsPageTest" tests="6" failures="0" timestamp="22 Mar 2020 11:19:22 GMT" time="133.250" errors="0">
  <testcase name="validateCreateNewContactTest" time="23.493" classname="com.crm.qa.TestCases.ContactsPageTest"/>
  <testcase name="verifyContactsPageLabelTest" time="20.430" classname="com.crm.qa.TestCases.ContactsPageTest"/>
  <testcase name="validateCreateNewContactTest" time="21.602" classname="com.crm.qa.TestCases.ContactsPageTest"/>
  <testcase name="selectSingleContactsTest" time="21.580" classname="com.crm.qa.TestCases.ContactsPageTest"/>
  <testcase name="validateCreateNewContactTest" time="23.055" classname="com.crm.qa.TestCases.ContactsPageTest"/>
  <testcase name="selectMultipleContactsTest" time="23.090" classname="com.crm.qa.TestCases.ContactsPageTest"/>
</testsuite> <!-- com.crm.qa.TestCases.ContactsPageTest -->
